<?xml version="1.0" encoding="UTF-8"?>
<!-- Generated by org.testng.reporters.JUnitReportReporter -->
<testsuite hostname="LAPTOP-93VLQEKH" failures="0" tests="1" name="Spothopper.QA.TestCases.MenuItemsTest" time="5.187" errors="0" timestamp="2023-11-21T14:36:45 CET" skipped="0">
  <testcase classname="Spothopper.QA.TestCases.MenuItemsTest" name="insertMenuItems" time="5.187"/>
</testsuite> <!-- Spothopper.QA.TestCases.MenuItemsTest -->
