<?xml version="1.0" encoding="UTF-8"?>
<!-- Generated by org.testng.reporters.JUnitReportReporter -->
<testsuite hostname="LAPTOP-93VLQEKH" failures="0" tests="5" name="Spothopper.QA.TestCases.OnlineOrdersTest" time="91.982" errors="0" timestamp="2024-01-01T17:59:18 CET" skipped="0">
  <testcase classname="Spothopper.QA.TestCases.OnlineOrdersTest" name="setOnlineOrders" time="21.277"/>
  <testcase classname="Spothopper.QA.TestCases.OnlineOrdersTest" name="setHours" time="18.908"/>
  <testcase classname="Spothopper.QA.TestCases.OnlineOrdersTest" name="setOnlineOrders" time="18.807"/>
  <testcase classname="Spothopper.QA.TestCases.OnlineOrdersTest" name="setMenus" time="17.255"/>
  <testcase classname="Spothopper.QA.TestCases.OnlineOrdersTest" name="deleteMenus" time="15.735"/>
</testsuite> <!-- Spothopper.QA.TestCases.OnlineOrdersTest -->
