<?xml version="1.0" encoding="UTF-8"?>
<!-- Generated by org.testng.reporters.JUnitReportReporter -->
<testsuite hostname="LAPTOP-93VLQEKH" failures="0" tests="15" name="Spothopper.QA.TestCases.OnlineOrdersTest" time="926.253" errors="0" timestamp="2023-11-22T13:17:44 GMT+01:00" skipped="0">
  <testcase classname="Spothopper.QA.TestCases.OnlineOrdersTest" name="setOnlineOrders" time="171.540"/>
  <testcase classname="Spothopper.QA.TestCases.OnlineOrdersTest" name="setOnlineOrders" time="62.373"/>
  <testcase classname="Spothopper.QA.TestCases.OnlineOrdersTest" name="setCounter" time="3.838"/>
  <testcase classname="Spothopper.QA.TestCases.OnlineOrdersTest" name="setOnlineOrders" time="124.639"/>
  <testcase classname="Spothopper.QA.TestCases.OnlineOrdersTest" name="setCounter" time="3.160"/>
  <testcase classname="Spothopper.QA.TestCases.OnlineOrdersTest" name="setOnlineOrders" time="76.533"/>
  <testcase classname="Spothopper.QA.TestCases.OnlineOrdersTest" name="setCounter" time="2.706"/>
  <testcase classname="Spothopper.QA.TestCases.OnlineOrdersTest" name="setOnlineOrders" time="54.742"/>
  <testcase classname="Spothopper.QA.TestCases.OnlineOrdersTest" name="setCounter" time="3.957"/>
  <testcase classname="Spothopper.QA.TestCases.OnlineOrdersTest" name="setOnlineOrders" time="118.992"/>
  <testcase classname="Spothopper.QA.TestCases.OnlineOrdersTest" name="setOnlineOrders" time="41.679"/>
  <testcase classname="Spothopper.QA.TestCases.OnlineOrdersTest" name="setOnlineOrders" time="78.170"/>
  <testcase classname="Spothopper.QA.TestCases.OnlineOrdersTest" name="setCounter" time="2.994"/>
  <testcase classname="Spothopper.QA.TestCases.OnlineOrdersTest" name="setOnlineOrders" time="92.272"/>
  <testcase classname="Spothopper.QA.TestCases.OnlineOrdersTest" name="setOnlineOrders" time="88.658"/>
</testsuite> <!-- Spothopper.QA.TestCases.OnlineOrdersTest -->
