<?xml version="1.0" encoding="UTF-8"?>
<!-- Generated by org.testng.reporters.JUnitReportReporter -->
<testsuite hostname="LAPTOP-93VLQEKH" failures="0" tests="1" name="Spothopper.QA.TestCases.MenuItems" time="1.505" errors="0" timestamp="2023-11-21T14:00:02 CET" skipped="0">
  <testcase classname="Spothopper.QA.TestCases.MenuItems" name="insertMenuItems" time="1.505"/>
</testsuite> <!-- Spothopper.QA.TestCases.MenuItems -->
